Arguments: 
  /Users/fhenri/.brew/Cellar/node/9.10.0_1/bin/node /Users/fhenri/.brew/bin/yarn start-dev

PATH: 
  /Users/fhenri/.brew/bin:/usr/bin:/bin:/usr/sbin:/sbin:/usr/local/bin:/usr/local/munki

Yarn version: 
  1.5.1

Node version: 
  9.10.0

Platform: 
  darwin x64

npm manifest: 
  No manifest

yarn manifest: 
  No manifest

Lockfile: 
  No lockfile

Trace: 
  Error: Couldn't find a package.json file in "/Users/fhenri/ziqRoom"
      at new MessageError (/Users/fhenri/.brew/lib/node_modules/yarn/lib/cli.js:186:110)
      at /Users/fhenri/.brew/lib/node_modules/yarn/lib/cli.js:40048:15
      at Generator.next (<anonymous>)
      at step (/Users/fhenri/.brew/lib/node_modules/yarn/lib/cli.js:98:30)
      at /Users/fhenri/.brew/lib/node_modules/yarn/lib/cli.js:109:13
      at <anonymous>
